<?xml version="1.0" encoding="UTF-8"?>
<testsuite name="lesson_1.product_find_handler.FindProductTest" tests="12" skipped="0" failures="0" errors="0" timestamp="2020-11-14T11:14:35" hostname="LAPTOP-4RH8MILU" time="0.014">
  <properties/>
  <testcase name="findProductIndex_1" classname="lesson_1.product_find_handler.FindProductTest" time="0.006"/>
  <testcase name="findProductIndex_2" classname="lesson_1.product_find_handler.FindProductTest" time="0.0"/>
  <testcase name="findProductIndex_3" classname="lesson_1.product_find_handler.FindProductTest" time="0.0"/>
  <testcase name="isIdExist_1" classname="lesson_1.product_find_handler.FindProductTest" time="0.002"/>
  <testcase name="isIdExist_2" classname="lesson_1.product_find_handler.FindProductTest" time="0.0"/>
  <testcase name="isIdExist_3" classname="lesson_1.product_find_handler.FindProductTest" time="0.001"/>
  <testcase name="findById_1" classname="lesson_1.product_find_handler.FindProductTest" time="0.001"/>
  <testcase name="findById_2" classname="lesson_1.product_find_handler.FindProductTest" time="0.0"/>
  <testcase name="findById_3" classname="lesson_1.product_find_handler.FindProductTest" time="0.0"/>
  <testcase name="isIdNotExist" classname="lesson_1.product_find_handler.FindProductTest" time="0.0"/>
  <testcase name="findById_ProductNoExist" classname="lesson_1.product_find_handler.FindProductTest" time="0.001"/>
  <testcase name="findProductIndex_IndexNotExist" classname="lesson_1.product_find_handler.FindProductTest" time="0.0"/>
  <system-out><![CDATA[]]></system-out>
  <system-err><![CDATA[]]></system-err>
</testsuite>
