<?xml version="1.0" encoding="UTF-8"?>
<testsuite name="internet_store.database.product.ProductDatabaseImplTest" tests="10" skipped="0" failures="0" errors="0" timestamp="2020-11-14T11:14:39" hostname="LAPTOP-4RH8MILU" time="0.005">
  <properties/>
  <testcase name="changeProductTitleTest" classname="internet_store.database.product.ProductDatabaseImplTest" time="0.0"/>
  <testcase name="addProductTest" classname="internet_store.database.product.ProductDatabaseImplTest" time="0.001"/>
  <testcase name="deleteByIdTest" classname="internet_store.database.product.ProductDatabaseImplTest" time="0.0"/>
  <testcase name="changeDescriptionTest" classname="internet_store.database.product.ProductDatabaseImplTest" time="0.0"/>
  <testcase name="deleteByIdTestNoIdInDatabase" classname="internet_store.database.product.ProductDatabaseImplTest" time="0.0"/>
  <testcase name="generateProductIdTest" classname="internet_store.database.product.ProductDatabaseImplTest" time="0.0"/>
  <testcase name="findAllProductsByTitleTest" classname="internet_store.database.product.ProductDatabaseImplTest" time="0.001"/>
  <testcase name="getProductListTest" classname="internet_store.database.product.ProductDatabaseImplTest" time="0.0"/>
  <testcase name="findAnyProductByTitleTest" classname="internet_store.database.product.ProductDatabaseImplTest" time="0.0"/>
  <testcase name="findProductByIdTest" classname="internet_store.database.product.ProductDatabaseImplTest" time="0.0"/>
  <system-out><![CDATA[]]></system-out>
  <system-err><![CDATA[]]></system-err>
</testsuite>
