<?xml version="1.0" encoding="UTF-8"?>
<testsuite name="internet_store.database.product.CustomerDatabaseImplTest" tests="7" skipped="0" failures="0" errors="0" timestamp="2020-11-15T20:03:08" hostname="MacBook-Air-Anvars.local" time="0.026">
  <properties/>
  <testcase name="findAllCustomersBySurnameTest" classname="internet_store.database.product.CustomerDatabaseImplTest" time="0.002"/>
  <testcase name="findAllCustomersByNameTest" classname="internet_store.database.product.CustomerDatabaseImplTest" time="0.002"/>
  <testcase name="addCustomerTest" classname="internet_store.database.product.CustomerDatabaseImplTest" time="0.007"/>
  <testcase name="deleteCustomerTest" classname="internet_store.database.product.CustomerDatabaseImplTest" time="0.001"/>
  <testcase name="getCustomerListTest" classname="internet_store.database.product.CustomerDatabaseImplTest" time="0.001"/>
  <testcase name="findAnyCustomerByNameAndSurnameTest" classname="internet_store.database.product.CustomerDatabaseImplTest" time="0.005"/>
  <testcase name="deleteCustomerTestNoCustomerInDatabase" classname="internet_store.database.product.CustomerDatabaseImplTest" time="0.001"/>
  <system-out><![CDATA[]]></system-out>
  <system-err><![CDATA[]]></system-err>
</testsuite>
