<?xml version="1.0" encoding="UTF-8"?>
<testsuite name="internet_store.database.product.ProductDatabaseImplTest" tests="10" skipped="0" failures="0" errors="0" timestamp="2020-11-15T20:03:08" hostname="MacBook-Air-Anvars.local" time="0.056">
  <properties/>
  <testcase name="changeProductTitleTest" classname="internet_store.database.product.ProductDatabaseImplTest" time="0.006"/>
  <testcase name="addProductTest" classname="internet_store.database.product.ProductDatabaseImplTest" time="0.001"/>
  <testcase name="deleteByIdTest" classname="internet_store.database.product.ProductDatabaseImplTest" time="0.002"/>
  <testcase name="changeDescriptionTest" classname="internet_store.database.product.ProductDatabaseImplTest" time="0.009"/>
  <testcase name="deleteByIdTestNoIdInDatabase" classname="internet_store.database.product.ProductDatabaseImplTest" time="0.005"/>
  <testcase name="generateProductIdTest" classname="internet_store.database.product.ProductDatabaseImplTest" time="0.003"/>
  <testcase name="findAllProductsByTitleTest" classname="internet_store.database.product.ProductDatabaseImplTest" time="0.005"/>
  <testcase name="getProductListTest" classname="internet_store.database.product.ProductDatabaseImplTest" time="0.004"/>
  <testcase name="findAnyProductByTitleTest" classname="internet_store.database.product.ProductDatabaseImplTest" time="0.003"/>
  <testcase name="findProductByIdTest" classname="internet_store.database.product.ProductDatabaseImplTest" time="0.002"/>
  <system-out><![CDATA[]]></system-out>
  <system-err><![CDATA[]]></system-err>
</testsuite>
