<?xml version="1.0" encoding="UTF-8"?>
<testsuite name="internet_store.application.ui.FindByProductNameUIActionTest" tests="3" skipped="0" failures="0" errors="0" timestamp="2020-11-08T20:12:34" hostname="DESKTOP-URLGS70" time="0.011">
  <properties/>
  <testcase name="ShouldFindNoProducts" classname="internet_store.application.ui.FindByProductNameUIActionTest" time="0.002"/>
  <testcase name="ShouldFindTwoProductsWithSameName" classname="internet_store.application.ui.FindByProductNameUIActionTest" time="0.0"/>
  <testcase name="ShouldFindNoProductsViaUIAction" classname="internet_store.application.ui.FindByProductNameUIActionTest" time="0.009"/>
  <system-out><![CDATA[]]></system-out>
  <system-err><![CDATA[]]></system-err>
</testsuite>
