<?xml version="1.0" encoding="UTF-8"?>
<testsuite name="internet_store.application.core.services.GetProductListServiceTest" tests="2" skipped="0" failures="0" errors="0" timestamp="2020-11-14T11:14:43" hostname="LAPTOP-4RH8MILU" time="0.0">
  <properties/>
  <testcase name="shouldReturnProductList_whenItIsEmpty" classname="internet_store.application.core.services.GetProductListServiceTest" time="0.0"/>
  <testcase name="shouldReturnProductList" classname="internet_store.application.core.services.GetProductListServiceTest" time="0.0"/>
  <system-out><![CDATA[]]></system-out>
  <system-err><![CDATA[]]></system-err>
</testsuite>
