<?xml version="1.0" encoding="UTF-8"?>
<testsuite name="internet_store.application.core.services.ChangeProductNameServiceTest" tests="3" skipped="0" failures="0" errors="0" timestamp="2020-11-14T08:30:18" hostname="LAPTOP-4RH8MILU" time="0.002">
  <properties/>
  <testcase name="shouldChangeProductName_whenNewNameIsCompound" classname="internet_store.application.core.services.ChangeProductNameServiceTest" time="0.001"/>
  <testcase name="shouldChangeProductName" classname="internet_store.application.core.services.ChangeProductNameServiceTest" time="0.0"/>
  <testcase name="shouldNotChangeProductName_whenIdNotFound" classname="internet_store.application.core.services.ChangeProductNameServiceTest" time="0.001"/>
  <system-out><![CDATA[]]></system-out>
  <system-err><![CDATA[]]></system-err>
</testsuite>
