<?xml version="1.0" encoding="UTF-8"?>
<testsuite name="internet_store.application.ui.PrintProductsToConsoleUIActionTest" tests="2" skipped="0" failures="0" errors="0" timestamp="2020-11-08T20:12:34" hostname="DESKTOP-URLGS70" time="0.007">
  <properties/>
  <testcase name="shouldNotPrintOutProducts_whenDatabaseIsEmpty" classname="internet_store.application.ui.PrintProductsToConsoleUIActionTest" time="0.001"/>
  <testcase name="shouldPrintOutProducts" classname="internet_store.application.ui.PrintProductsToConsoleUIActionTest" time="0.006"/>
  <system-out><![CDATA[]]></system-out>
  <system-err><![CDATA[]]></system-err>
</testsuite>
