<?xml version="1.0" encoding="UTF-8"?>
<testsuite name="internet_store.application.console_ui.FindByProductNameUIActionTest" tests="3" skipped="0" failures="0" errors="0" timestamp="2020-11-14T08:30:18" hostname="LAPTOP-4RH8MILU" time="0.023">
  <properties/>
  <testcase name="ShouldFindNoProducts" classname="internet_store.application.console_ui.FindByProductNameUIActionTest" time="0.006"/>
  <testcase name="ShouldFindTwoProductsWithSameName" classname="internet_store.application.console_ui.FindByProductNameUIActionTest" time="0.001"/>
  <testcase name="ShouldFindNoProductsViaUIAction" classname="internet_store.application.console_ui.FindByProductNameUIActionTest" time="0.016"/>
  <system-out><![CDATA[]]></system-out>
  <system-err><![CDATA[]]></system-err>
</testsuite>
