<?xml version="1.0" encoding="UTF-8"?>
<testsuite name="internet_store.application.console_ui.PrintProductsToConsoleUIActionTest" tests="2" skipped="0" failures="0" errors="0" timestamp="2020-11-14T08:30:18" hostname="LAPTOP-4RH8MILU" time="0.01">
  <properties/>
  <testcase name="shouldNotPrintOutProducts_whenDatabaseIsEmpty" classname="internet_store.application.console_ui.PrintProductsToConsoleUIActionTest" time="0.001"/>
  <testcase name="shouldPrintOutProducts" classname="internet_store.application.console_ui.PrintProductsToConsoleUIActionTest" time="0.009"/>
  <system-out><![CDATA[]]></system-out>
  <system-err><![CDATA[]]></system-err>
</testsuite>
