<?xml version="1.0" encoding="UTF-8"?>
<testsuite name="internet_store.application.core.services.FindProductServiceTest" tests="2" skipped="0" failures="0" errors="0" timestamp="2020-11-14T11:14:43" hostname="LAPTOP-4RH8MILU" time="0.001">
  <properties/>
  <testcase name="findById" classname="internet_store.application.core.services.FindProductServiceTest" time="0.0"/>
  <testcase name="shouldFindProductByProductName" classname="internet_store.application.core.services.FindProductServiceTest" time="0.001"/>
  <system-out><![CDATA[]]></system-out>
  <system-err><![CDATA[]]></system-err>
</testsuite>
