<?xml version="1.0" encoding="UTF-8"?>
<testsuite name="internet_store.application.console_ui.FindByProductNameUIActionTest" tests="3" skipped="0" failures="0" errors="0" timestamp="2020-11-14T11:14:43" hostname="LAPTOP-4RH8MILU" time="0.02">
  <properties/>
  <testcase name="ShouldFindNoProducts" classname="internet_store.application.console_ui.FindByProductNameUIActionTest" time="0.012"/>
  <testcase name="ShouldFindTwoProductsWithSameName" classname="internet_store.application.console_ui.FindByProductNameUIActionTest" time="0.0"/>
  <testcase name="ShouldFindNoProductsViaUIAction" classname="internet_store.application.console_ui.FindByProductNameUIActionTest" time="0.008"/>
  <system-out><![CDATA[]]></system-out>
  <system-err><![CDATA[]]></system-err>
</testsuite>
