<?xml version="1.0" encoding="UTF-8"?>
<testsuite name="application_target_list.TargetListImplTest" tests="14" skipped="0" failures="0" errors="0" timestamp="2020-11-08T20:12:36" hostname="DESKTOP-URLGS70" time="0.005">
  <properties/>
  <testcase name="testAddTarget_changeTargetDescription_v1" classname="application_target_list.TargetListImplTest" time="0.002"/>
  <testcase name="testAddTarget_changeTargetDescription_v2" classname="application_target_list.TargetListImplTest" time="0.0"/>
  <testcase name="testAddTarget_list_size_v1" classname="application_target_list.TargetListImplTest" time="0.0"/>
  <testcase name="testAddTarget_list_size_v2" classname="application_target_list.TargetListImplTest" time="0.0"/>
  <testcase name="testAddTarget_targetId_v1" classname="application_target_list.TargetListImplTest" time="0.0"/>
  <testcase name="testAddTarget_targetId_v2" classname="application_target_list.TargetListImplTest" time="0.0"/>
  <testcase name="testAddTarget_changeTargetName_v1" classname="application_target_list.TargetListImplTest" time="0.0"/>
  <testcase name="testAddTarget_changeTargetName_v2" classname="application_target_list.TargetListImplTest" time="0.0"/>
  <testcase name="testAddTarget_targetDeleteById_v1" classname="application_target_list.TargetListImplTest" time="0.0"/>
  <testcase name="testAddTarget_targetDeleteById_v2" classname="application_target_list.TargetListImplTest" time="0.0"/>
  <testcase name="testAddTarget_targetDeleteById_v3" classname="application_target_list.TargetListImplTest" time="0.0"/>
  <testcase name="testAddTarget_targetDeleteById_v4" classname="application_target_list.TargetListImplTest" time="0.0"/>
  <testcase name="testAddTarget_changeTargetDeadline_v1" classname="application_target_list.TargetListImplTest" time="0.0"/>
  <testcase name="testAddTarget_changeTargetDeadline_v2" classname="application_target_list.TargetListImplTest" time="0.0"/>
  <system-out><![CDATA[]]></system-out>
  <system-err><![CDATA[]]></system-err>
</testsuite>
