<?xml version="1.0" encoding="UTF-8"?>
<testsuite name="team_VK.application.BookTest" tests="1" skipped="0" failures="0" errors="0" timestamp="2020-11-08T20:12:36" hostname="DESKTOP-URLGS70" time="0.001">
  <properties/>
  <testcase name="test" classname="team_VK.application.BookTest" time="0.001"/>
  <system-out><![CDATA[]]></system-out>
  <system-err><![CDATA[]]></system-err>
</testsuite>
